<?xml version="1.0" encoding="UTF-8"?>
<testng-results ignored="0" total="1" passed="1" failed="0" skipped="0">
  <reporter-output>
  </reporter-output>
  <suite started-at="2025-10-11T05:42:41Z" name="Default suite" finished-at="2025-10-11T05:42:53Z" duration-ms="11136">
    <groups>
    </groups>
    <test started-at="2025-10-11T05:42:41Z" name="Default test" finished-at="2025-10-11T05:42:53Z" duration-ms="11136">
      <class name="seleniumpackage.SeleniumFirstScript">
        <test-method signature="login()[pri:0, instance:seleniumpackage.SeleniumFirstScript@2f54a33d]" started-at="2025-10-11T05:42:42Z" name="login" finished-at="2025-10-11T05:42:53Z" duration-ms="11096" status="PASS">
          <reporter-output>
          </reporter-output>
        </test-method> <!-- login -->
      </class> <!-- seleniumpackage.SeleniumFirstScript -->
    </test> <!-- Default test -->
  </suite> <!-- Default suite -->
</testng-results>
