<?xml version="1.0" encoding="UTF-8"?>
<testng-results ignored="0" total="1" passed="1" failed="0" skipped="0">
  <reporter-output>
  </reporter-output>
  <suite started-at="2025-10-05T07:10:44Z" name="Default suite" finished-at="2025-10-05T07:11:09Z" duration-ms="24742">
    <groups>
    </groups>
    <test started-at="2025-10-05T07:10:44Z" name="Default test" finished-at="2025-10-05T07:11:09Z" duration-ms="24742">
      <class name="seleniumpackage.SeleniumFirstScript">
        <test-method signature="login()[pri:0, instance:seleniumpackage.SeleniumFirstScript@3f56875e]" started-at="2025-10-05T07:10:45Z" name="login" finished-at="2025-10-05T07:11:09Z" duration-ms="24701" status="PASS">
          <reporter-output>
          </reporter-output>
        </test-method> <!-- login -->
      </class> <!-- seleniumpackage.SeleniumFirstScript -->
    </test> <!-- Default test -->
  </suite> <!-- Default suite -->
</testng-results>
